<?xml version="1.0" encoding="UTF-8"?>
<testng-results ignored="0" total="1" passed="1" failed="0" skipped="0">
  <reporter-output>
  </reporter-output>
  <suite started-at="2021-02-15T20:00:57Z" name="Default suite" finished-at="2021-02-15T20:01:52Z" duration-ms="55247">
    <groups>
    </groups>
    <test started-at="2021-02-15T20:00:57Z" name="Default test" finished-at="2021-02-15T20:01:52Z" duration-ms="55247">
      <class name="cropincodingassignment.ValidatePremiumFeatures">
        <test-method is-config="true" signature="beforeMethod()[pri:0, instance:cropincodingassignment.ValidatePremiumFeatures@9573584]" started-at="2021-02-16T01:30:57Z" name="beforeMethod" finished-at="2021-02-16T01:31:05Z" duration-ms="7844" status="PASS">
          <reporter-output>
          </reporter-output>
        </test-method> <!-- beforeMethod -->
        <test-method signature="validatePremiumFeatures()[pri:0, instance:cropincodingassignment.ValidatePremiumFeatures@9573584]" started-at="2021-02-16T01:31:05Z" name="validatePremiumFeatures" finished-at="2021-02-16T01:31:52Z" duration-ms="47120" status="PASS">
          <reporter-output>
          </reporter-output>
        </test-method> <!-- validatePremiumFeatures -->
        <test-method is-config="true" signature="afterMethod()[pri:0, instance:cropincodingassignment.ValidatePremiumFeatures@9573584]" started-at="2021-02-16T01:31:52Z" name="afterMethod" finished-at="2021-02-16T01:31:52Z" duration-ms="270" status="PASS">
          <reporter-output>
          </reporter-output>
        </test-method> <!-- afterMethod -->
      </class> <!-- cropincodingassignment.ValidatePremiumFeatures -->
    </test> <!-- Default test -->
  </suite> <!-- Default suite -->
</testng-results>
